  [1m[36m (0.5ms)[0m  [1mSHOW TABLES[0m
  [1m[35m (0.4ms)[0m  SHOW TABLES
  [1m[36m (0.6ms)[0m  [1mSHOW TABLES[0m
  [1m[35m (0.2ms)[0m  SHOW TABLES
  [1m[36mActiveRecord::SchemaMigration Load (0.4ms)[0m  [1mSELECT `schema_migrations`.* FROM `schema_migrations`[0m
Migrating to CreateProducts (20141005185338)
  [1m[35m (105.6ms)[0m  CREATE TABLE `products` (`id` int(11) auto_increment PRIMARY KEY, `name` varchar(255), `description` text, `amount` float, `status` varchar(255), `created_at` datetime, `updated_at` datetime) ENGINE=InnoDB
  [1m[36m (0.3ms)[0m  [1mBEGIN[0m
  [1m[35mSQL (0.5ms)[0m  INSERT INTO `schema_migrations` (`version`) VALUES ('20141005185338')
  [1m[36m (47.2ms)[0m  [1mCOMMIT[0m
  [1m[35mActiveRecord::SchemaMigration Load (0.4ms)[0m  SELECT `schema_migrations`.* FROM `schema_migrations`


Started GET "/" for 127.0.0.1 at 2014-10-06 01:13:00 +0530
  [1m[36mActiveRecord::SchemaMigration Load (0.2ms)[0m  [1mSELECT `schema_migrations`.* FROM `schema_migrations`[0m

ActionController::RoutingError (uninitialized constant WelcomeController):
  activesupport (4.1.6) lib/active_support/inflector/methods.rb:238:in `const_get'
  activesupport (4.1.6) lib/active_support/inflector/methods.rb:238:in `block in constantize'
  activesupport (4.1.6) lib/active_support/inflector/methods.rb:236:in `each'
  activesupport (4.1.6) lib/active_support/inflector/methods.rb:236:in `inject'
  activesupport (4.1.6) lib/active_support/inflector/methods.rb:236:in `constantize'
  actionpack (4.1.6) lib/action_dispatch/routing/route_set.rb:78:in `controller_reference'
  actionpack (4.1.6) lib/action_dispatch/routing/route_set.rb:68:in `controller'
  actionpack (4.1.6) lib/action_dispatch/routing/route_set.rb:46:in `call'
  actionpack (4.1.6) lib/action_dispatch/journey/router.rb:73:in `block in call'
  actionpack (4.1.6) lib/action_dispatch/journey/router.rb:59:in `each'
  actionpack (4.1.6) lib/action_dispatch/journey/router.rb:59:in `call'
  actionpack (4.1.6) lib/action_dispatch/routing/route_set.rb:678:in `call'
  rack (1.5.2) lib/rack/etag.rb:23:in `call'
  rack (1.5.2) lib/rack/conditionalget.rb:25:in `call'
  rack (1.5.2) lib/rack/head.rb:11:in `call'
  actionpack (4.1.6) lib/action_dispatch/middleware/params_parser.rb:27:in `call'
  actionpack (4.1.6) lib/action_dispatch/middleware/flash.rb:254:in `call'
  rack (1.5.2) lib/rack/session/abstract/id.rb:225:in `context'
  rack (1.5.2) lib/rack/session/abstract/id.rb:220:in `call'
  actionpack (4.1.6) lib/action_dispatch/middleware/cookies.rb:560:in `call'
  activerecord (4.1.6) lib/active_record/query_cache.rb:36:in `call'
  activerecord (4.1.6) lib/active_record/connection_adapters/abstract/connection_pool.rb:621:in `call'
  activerecord (4.1.6) lib/active_record/migration.rb:380:in `call'
  actionpack (4.1.6) lib/action_dispatch/middleware/callbacks.rb:29:in `block in call'
  activesupport (4.1.6) lib/active_support/callbacks.rb:82:in `run_callbacks'
  actionpack (4.1.6) lib/action_dispatch/middleware/callbacks.rb:27:in `call'
  actionpack (4.1.6) lib/action_dispatch/middleware/reloader.rb:73:in `call'
  actionpack (4.1.6) lib/action_dispatch/middleware/remote_ip.rb:76:in `call'
  actionpack (4.1.6) lib/action_dispatch/middleware/debug_exceptions.rb:17:in `call'
  actionpack (4.1.6) lib/action_dispatch/middleware/show_exceptions.rb:30:in `call'
  railties (4.1.6) lib/rails/rack/logger.rb:38:in `call_app'
  railties (4.1.6) lib/rails/rack/logger.rb:20:in `block in call'
  activesupport (4.1.6) lib/active_support/tagged_logging.rb:68:in `block in tagged'
  activesupport (4.1.6) lib/active_support/tagged_logging.rb:26:in `tagged'
  activesupport (4.1.6) lib/active_support/tagged_logging.rb:68:in `tagged'
  railties (4.1.6) lib/rails/rack/logger.rb:20:in `call'
  actionpack (4.1.6) lib/action_dispatch/middleware/request_id.rb:21:in `call'
  rack (1.5.2) lib/rack/methodoverride.rb:21:in `call'
  rack (1.5.2) lib/rack/runtime.rb:17:in `call'
  activesupport (4.1.6) lib/active_support/cache/strategy/local_cache_middleware.rb:26:in `call'
  rack (1.5.2) lib/rack/lock.rb:17:in `call'
  actionpack (4.1.6) lib/action_dispatch/middleware/static.rb:64:in `call'
  rack (1.5.2) lib/rack/sendfile.rb:112:in `call'
  railties (4.1.6) lib/rails/engine.rb:514:in `call'
  railties (4.1.6) lib/rails/application.rb:144:in `call'
  rack (1.5.2) lib/rack/lock.rb:17:in `call'
  rack (1.5.2) lib/rack/content_length.rb:14:in `call'
  rack (1.5.2) lib/rack/handler/webrick.rb:60:in `service'
  /home/vinaym/.rvm/rubies/ruby-2.1.1/lib/ruby/2.1.0/webrick/httpserver.rb:138:in `service'
  /home/vinaym/.rvm/rubies/ruby-2.1.1/lib/ruby/2.1.0/webrick/httpserver.rb:94:in `run'
  /home/vinaym/.rvm/rubies/ruby-2.1.1/lib/ruby/2.1.0/webrick/server.rb:295:in `block in start_thread'


  Rendered /home/vinaym/.rvm/gems/ruby-2.1.1/gems/actionpack-4.1.6/lib/action_dispatch/middleware/templates/rescues/_trace.html.erb (1.2ms)
  Rendered /home/vinaym/.rvm/gems/ruby-2.1.1/gems/actionpack-4.1.6/lib/action_dispatch/middleware/templates/routes/_route.html.erb (0.7ms)
  Rendered /home/vinaym/.rvm/gems/ruby-2.1.1/gems/actionpack-4.1.6/lib/action_dispatch/middleware/templates/routes/_table.html.erb (6.3ms)
  Rendered /home/vinaym/.rvm/gems/ruby-2.1.1/gems/actionpack-4.1.6/lib/action_dispatch/middleware/templates/rescues/routing_error.html.erb within rescues/layout (22.3ms)


Started GET "/" for 127.0.0.1 at 2014-10-06 01:13:24 +0530

ActionController::RoutingError (uninitialized constant WelcomeController):
  activesupport (4.1.6) lib/active_support/inflector/methods.rb:238:in `const_get'
  activesupport (4.1.6) lib/active_support/inflector/methods.rb:238:in `block in constantize'
  activesupport (4.1.6) lib/active_support/inflector/methods.rb:236:in `each'
  activesupport (4.1.6) lib/active_support/inflector/methods.rb:236:in `inject'
  activesupport (4.1.6) lib/active_support/inflector/methods.rb:236:in `constantize'
  actionpack (4.1.6) lib/action_dispatch/routing/route_set.rb:78:in `controller_reference'
  actionpack (4.1.6) lib/action_dispatch/routing/route_set.rb:68:in `controller'
  actionpack (4.1.6) lib/action_dispatch/routing/route_set.rb:46:in `call'
  actionpack (4.1.6) lib/action_dispatch/journey/router.rb:73:in `block in call'
  actionpack (4.1.6) lib/action_dispatch/journey/router.rb:59:in `each'
  actionpack (4.1.6) lib/action_dispatch/journey/router.rb:59:in `call'
  actionpack (4.1.6) lib/action_dispatch/routing/route_set.rb:678:in `call'
  rack (1.5.2) lib/rack/etag.rb:23:in `call'
  rack (1.5.2) lib/rack/conditionalget.rb:25:in `call'
  rack (1.5.2) lib/rack/head.rb:11:in `call'
  actionpack (4.1.6) lib/action_dispatch/middleware/params_parser.rb:27:in `call'
  actionpack (4.1.6) lib/action_dispatch/middleware/flash.rb:254:in `call'
  rack (1.5.2) lib/rack/session/abstract/id.rb:225:in `context'
  rack (1.5.2) lib/rack/session/abstract/id.rb:220:in `call'
  actionpack (4.1.6) lib/action_dispatch/middleware/cookies.rb:560:in `call'
  activerecord (4.1.6) lib/active_record/query_cache.rb:36:in `call'
  activerecord (4.1.6) lib/active_record/connection_adapters/abstract/connection_pool.rb:621:in `call'
  activerecord (4.1.6) lib/active_record/migration.rb:380:in `call'
  actionpack (4.1.6) lib/action_dispatch/middleware/callbacks.rb:29:in `block in call'
  activesupport (4.1.6) lib/active_support/callbacks.rb:82:in `run_callbacks'
  actionpack (4.1.6) lib/action_dispatch/middleware/callbacks.rb:27:in `call'
  actionpack (4.1.6) lib/action_dispatch/middleware/reloader.rb:73:in `call'
  actionpack (4.1.6) lib/action_dispatch/middleware/remote_ip.rb:76:in `call'
  actionpack (4.1.6) lib/action_dispatch/middleware/debug_exceptions.rb:17:in `call'
  actionpack (4.1.6) lib/action_dispatch/middleware/show_exceptions.rb:30:in `call'
  railties (4.1.6) lib/rails/rack/logger.rb:38:in `call_app'
  railties (4.1.6) lib/rails/rack/logger.rb:20:in `block in call'
  activesupport (4.1.6) lib/active_support/tagged_logging.rb:68:in `block in tagged'
  activesupport (4.1.6) lib/active_support/tagged_logging.rb:26:in `tagged'
  activesupport (4.1.6) lib/active_support/tagged_logging.rb:68:in `tagged'
  railties (4.1.6) lib/rails/rack/logger.rb:20:in `call'
  actionpack (4.1.6) lib/action_dispatch/middleware/request_id.rb:21:in `call'
  rack (1.5.2) lib/rack/methodoverride.rb:21:in `call'
  rack (1.5.2) lib/rack/runtime.rb:17:in `call'
  activesupport (4.1.6) lib/active_support/cache/strategy/local_cache_middleware.rb:26:in `call'
  rack (1.5.2) lib/rack/lock.rb:17:in `call'
  actionpack (4.1.6) lib/action_dispatch/middleware/static.rb:64:in `call'
  rack (1.5.2) lib/rack/sendfile.rb:112:in `call'
  railties (4.1.6) lib/rails/engine.rb:514:in `call'
  railties (4.1.6) lib/rails/application.rb:144:in `call'
  rack (1.5.2) lib/rack/lock.rb:17:in `call'
  rack (1.5.2) lib/rack/content_length.rb:14:in `call'
  rack (1.5.2) lib/rack/handler/webrick.rb:60:in `service'
  /home/vinaym/.rvm/rubies/ruby-2.1.1/lib/ruby/2.1.0/webrick/httpserver.rb:138:in `service'
  /home/vinaym/.rvm/rubies/ruby-2.1.1/lib/ruby/2.1.0/webrick/httpserver.rb:94:in `run'
  /home/vinaym/.rvm/rubies/ruby-2.1.1/lib/ruby/2.1.0/webrick/server.rb:295:in `block in start_thread'


  Rendered /home/vinaym/.rvm/gems/ruby-2.1.1/gems/actionpack-4.1.6/lib/action_dispatch/middleware/templates/rescues/_trace.html.erb (1.0ms)
  Rendered /home/vinaym/.rvm/gems/ruby-2.1.1/gems/actionpack-4.1.6/lib/action_dispatch/middleware/templates/routes/_route.html.erb (0.7ms)
  Rendered /home/vinaym/.rvm/gems/ruby-2.1.1/gems/actionpack-4.1.6/lib/action_dispatch/middleware/templates/routes/_table.html.erb (1.2ms)
  Rendered /home/vinaym/.rvm/gems/ruby-2.1.1/gems/actionpack-4.1.6/lib/action_dispatch/middleware/templates/rescues/routing_error.html.erb within rescues/layout (15.8ms)


Started GET "/" for 127.0.0.1 at 2014-10-06 01:14:44 +0530
Processing by ProductsController#new as HTML
  Rendered products/new.html.erb within layouts/application (1.6ms)
Completed 500 Internal Server Error in 28ms

SyntaxError (/home/vinaym/Rails/Projects/Vidya/sample_app/app/views/products/new.html.erb:21: syntax error, unexpected tIDENTIFIER, expecting ')'
...lect :status options_for_select([["Available"], ["Not Availa...
...                               ^):
  app/views/products/new.html.erb:21: syntax error, unexpected tIDENTIFIER, expecting ')'


  Rendered /home/vinaym/.rvm/gems/ruby-2.1.1/gems/actionpack-4.1.6/lib/action_dispatch/middleware/templates/rescues/_source.erb (0.8ms)
  Rendered /home/vinaym/.rvm/gems/ruby-2.1.1/gems/actionpack-4.1.6/lib/action_dispatch/middleware/templates/rescues/_trace.html.erb (1.3ms)
  Rendered /home/vinaym/.rvm/gems/ruby-2.1.1/gems/actionpack-4.1.6/lib/action_dispatch/middleware/templates/rescues/_request_and_response.html.erb (0.9ms)
  Rendered /home/vinaym/.rvm/gems/ruby-2.1.1/gems/actionpack-4.1.6/lib/action_dispatch/middleware/templates/rescues/diagnostics.erb within rescues/layout (13.5ms)


Started GET "/" for 127.0.0.1 at 2014-10-06 01:15:18 +0530
Processing by ProductsController#new as HTML
  Rendered products/new.html.erb within layouts/application (12.9ms)
Completed 500 Internal Server Error in 15ms

ActionView::Template::Error (undefined method `products_path' for #<#<Class:0x00000005123590>:0x00000005333808>):
    1: <h1>New Product</h1>
    2: <%= form_for @product do |f|%>
    3: <table>
    4: 	<tr>
    5: 		<td>Name</td>
  app/views/products/new.html.erb:2:in `_app_views_products_new_html_erb___2390510780322631463_43618060'


  Rendered /home/vinaym/.rvm/gems/ruby-2.1.1/gems/actionpack-4.1.6/lib/action_dispatch/middleware/templates/rescues/_trace.html.erb (1.2ms)
  Rendered /home/vinaym/.rvm/gems/ruby-2.1.1/gems/actionpack-4.1.6/lib/action_dispatch/middleware/templates/rescues/_request_and_response.html.erb (0.9ms)
  Rendered /home/vinaym/.rvm/gems/ruby-2.1.1/gems/actionpack-4.1.6/lib/action_dispatch/middleware/templates/rescues/template_error.html.erb within rescues/layout (9.2ms)


Started GET "/" for 127.0.0.1 at 2014-10-06 01:16:15 +0530
Processing by ProductsController#new as HTML
  Rendered products/new.html.erb within layouts/application (17.5ms)
Completed 200 OK in 586ms (Views: 579.2ms | ActiveRecord: 2.5ms)


Started GET "/assets/jquery.js?body=1" for 127.0.0.1 at 2014-10-06 01:16:16 +0530


Started GET "/assets/products.css?body=1" for 127.0.0.1 at 2014-10-06 01:16:16 +0530


Started GET "/assets/turbolinks.js?body=1" for 127.0.0.1 at 2014-10-06 01:16:16 +0530


Started GET "/assets/application.css?body=1" for 127.0.0.1 at 2014-10-06 01:16:16 +0530


Started GET "/assets/application.js?body=1" for 127.0.0.1 at 2014-10-06 01:16:16 +0530


Started GET "/assets/jquery_ujs.js?body=1" for 127.0.0.1 at 2014-10-06 01:16:16 +0530


Started GET "/assets/products.js?body=1" for 127.0.0.1 at 2014-10-06 01:16:16 +0530


Started GET "/" for 127.0.0.1 at 2014-10-06 01:16:36 +0530
Processing by ProductsController#new as HTML
  Rendered products/new.html.erb within layouts/application (2.1ms)
Completed 200 OK in 36ms (Views: 34.9ms | ActiveRecord: 0.0ms)


Started GET "/assets/products.css?body=1" for 127.0.0.1 at 2014-10-06 01:16:36 +0530


Started GET "/assets/application.css?body=1" for 127.0.0.1 at 2014-10-06 01:16:36 +0530


Started GET "/assets/jquery.js?body=1" for 127.0.0.1 at 2014-10-06 01:16:36 +0530


Started GET "/assets/turbolinks.js?body=1" for 127.0.0.1 at 2014-10-06 01:16:36 +0530


Started GET "/assets/jquery_ujs.js?body=1" for 127.0.0.1 at 2014-10-06 01:16:36 +0530


Started GET "/assets/products.js?body=1" for 127.0.0.1 at 2014-10-06 01:16:36 +0530


Started GET "/assets/application.js?body=1" for 127.0.0.1 at 2014-10-06 01:16:36 +0530


Started GET "/" for 127.0.0.1 at 2014-10-06 01:17:07 +0530
Processing by ProductsController#new as HTML
  Rendered products/new.html.erb within layouts/application (4.0ms)
Completed 200 OK in 39ms (Views: 38.3ms | ActiveRecord: 0.0ms)


Started GET "/assets/products.css?body=1" for 127.0.0.1 at 2014-10-06 01:17:07 +0530


Started GET "/assets/jquery.js?body=1" for 127.0.0.1 at 2014-10-06 01:17:07 +0530


Started GET "/assets/jquery_ujs.js?body=1" for 127.0.0.1 at 2014-10-06 01:17:07 +0530


Started GET "/assets/application.css?body=1" for 127.0.0.1 at 2014-10-06 01:17:07 +0530


Started GET "/assets/turbolinks.js?body=1" for 127.0.0.1 at 2014-10-06 01:17:07 +0530


Started GET "/assets/products.js?body=1" for 127.0.0.1 at 2014-10-06 01:17:07 +0530


Started GET "/assets/application.js?body=1" for 127.0.0.1 at 2014-10-06 01:17:07 +0530


Started GET "/" for 127.0.0.1 at 2014-10-06 01:17:23 +0530
Processing by ProductsController#new as HTML
  Rendered products/new.html.erb within layouts/application (4.3ms)
Completed 200 OK in 45ms (Views: 43.9ms | ActiveRecord: 0.0ms)


Started GET "/assets/products.css?body=1" for 127.0.0.1 at 2014-10-06 01:17:23 +0530


Started GET "/assets/products.js?body=1" for 127.0.0.1 at 2014-10-06 01:17:23 +0530


Started GET "/assets/application.css?body=1" for 127.0.0.1 at 2014-10-06 01:17:23 +0530


Started GET "/assets/jquery_ujs.js?body=1" for 127.0.0.1 at 2014-10-06 01:17:23 +0530


Started GET "/assets/jquery.js?body=1" for 127.0.0.1 at 2014-10-06 01:17:23 +0530


Started GET "/assets/turbolinks.js?body=1" for 127.0.0.1 at 2014-10-06 01:17:23 +0530


Started GET "/assets/application.js?body=1" for 127.0.0.1 at 2014-10-06 01:17:23 +0530


Started POST "/products" for 127.0.0.1 at 2014-10-06 01:18:22 +0530
Processing by ProductsController#create as HTML
  Parameters: {"utf8"=>"✓", "authenticity_token"=>"8IRb5NU5W8O2dAO4OcxoNEPKMzMZK+OiqvCdMOEoP5E=", "product"=>{"name"=>"1", "description"=>"", "amount"=>"", "status"=>"Available"}, "commit"=>"Create Product"}
Completed 500 Internal Server Error in 2ms

ActionView::MissingTemplate (Missing template products/create, application/create with {:locale=>[:en], :formats=>[:html], :variants=>[], :handlers=>[:erb, :builder, :raw, :ruby, :jbuilder, :coffee]}. Searched in:
  * "/home/vinaym/Rails/Projects/Vidya/sample_app/app/views"
):
  actionview (4.1.6) lib/action_view/path_set.rb:46:in `find'
  actionview (4.1.6) lib/action_view/lookup_context.rb:124:in `find'
  actionview (4.1.6) lib/action_view/renderer/abstract_renderer.rb:18:in `find_template'
  actionview (4.1.6) lib/action_view/renderer/template_renderer.rb:41:in `determine_template'
  actionview (4.1.6) lib/action_view/renderer/template_renderer.rb:8:in `render'
  actionview (4.1.6) lib/action_view/renderer/renderer.rb:42:in `render_template'
  actionview (4.1.6) lib/action_view/renderer/renderer.rb:23:in `render'
  actionview (4.1.6) lib/action_view/rendering.rb:99:in `_render_template'
  actionpack (4.1.6) lib/action_controller/metal/streaming.rb:217:in `_render_template'
  actionview (4.1.6) lib/action_view/rendering.rb:82:in `render_to_body'
  actionpack (4.1.6) lib/action_controller/metal/rendering.rb:32:in `render_to_body'
  actionpack (4.1.6) lib/action_controller/metal/renderers.rb:32:in `render_to_body'
  actionpack (4.1.6) lib/abstract_controller/rendering.rb:25:in `render'
  actionpack (4.1.6) lib/action_controller/metal/rendering.rb:16:in `render'
  actionpack (4.1.6) lib/action_controller/metal/instrumentation.rb:41:in `block (2 levels) in render'
  activesupport (4.1.6) lib/active_support/core_ext/benchmark.rb:12:in `block in ms'
  /home/vinaym/.rvm/rubies/ruby-2.1.1/lib/ruby/2.1.0/benchmark.rb:294:in `realtime'
  activesupport (4.1.6) lib/active_support/core_ext/benchmark.rb:12:in `ms'
  actionpack (4.1.6) lib/action_controller/metal/instrumentation.rb:41:in `block in render'
  actionpack (4.1.6) lib/action_controller/metal/instrumentation.rb:84:in `cleanup_view_runtime'
  activerecord (4.1.6) lib/active_record/railties/controller_runtime.rb:25:in `cleanup_view_runtime'
  actionpack (4.1.6) lib/action_controller/metal/instrumentation.rb:40:in `render'
  actionpack (4.1.6) lib/action_controller/metal/implicit_render.rb:10:in `default_render'
  actionpack (4.1.6) lib/action_controller/metal/implicit_render.rb:5:in `send_action'
  actionpack (4.1.6) lib/abstract_controller/base.rb:189:in `process_action'
  actionpack (4.1.6) lib/action_controller/metal/rendering.rb:10:in `process_action'
  actionpack (4.1.6) lib/abstract_controller/callbacks.rb:20:in `block in process_action'
  activesupport (4.1.6) lib/active_support/callbacks.rb:113:in `call'
  activesupport (4.1.6) lib/active_support/callbacks.rb:113:in `call'
  activesupport (4.1.6) lib/active_support/callbacks.rb:229:in `block in halting'
  activesupport (4.1.6) lib/active_support/callbacks.rb:229:in `call'
  activesupport (4.1.6) lib/active_support/callbacks.rb:229:in `block in halting'
  activesupport (4.1.6) lib/active_support/callbacks.rb:166:in `call'
  activesupport (4.1.6) lib/active_support/callbacks.rb:166:in `block in halting'
  activesupport (4.1.6) lib/active_support/callbacks.rb:166:in `call'
  activesupport (4.1.6) lib/active_support/callbacks.rb:166:in `block in halting'
  activesupport (4.1.6) lib/active_support/callbacks.rb:166:in `call'
  activesupport (4.1.6) lib/active_support/callbacks.rb:166:in `block in halting'
  activesupport (4.1.6) lib/active_support/callbacks.rb:86:in `call'
  activesupport (4.1.6) lib/active_support/callbacks.rb:86:in `run_callbacks'
  actionpack (4.1.6) lib/abstract_controller/callbacks.rb:19:in `process_action'
  actionpack (4.1.6) lib/action_controller/metal/rescue.rb:29:in `process_action'
  actionpack (4.1.6) lib/action_controller/metal/instrumentation.rb:31:in `block in process_action'
  activesupport (4.1.6) lib/active_support/notifications.rb:159:in `block in instrument'
  activesupport (4.1.6) lib/active_support/notifications/instrumenter.rb:20:in `instrument'
  activesupport (4.1.6) lib/active_support/notifications.rb:159:in `instrument'
  actionpack (4.1.6) lib/action_controller/metal/instrumentation.rb:30:in `process_action'
  actionpack (4.1.6) lib/action_controller/metal/params_wrapper.rb:250:in `process_action'
  activerecord (4.1.6) lib/active_record/railties/controller_runtime.rb:18:in `process_action'
  actionpack (4.1.6) lib/abstract_controller/base.rb:136:in `process'
  actionview (4.1.6) lib/action_view/rendering.rb:30:in `process'
  actionpack (4.1.6) lib/action_controller/metal.rb:196:in `dispatch'
  actionpack (4.1.6) lib/action_controller/metal/rack_delegation.rb:13:in `dispatch'
  actionpack (4.1.6) lib/action_controller/metal.rb:232:in `block in action'
  actionpack (4.1.6) lib/action_dispatch/routing/route_set.rb:82:in `call'
  actionpack (4.1.6) lib/action_dispatch/routing/route_set.rb:82:in `dispatch'
  actionpack (4.1.6) lib/action_dispatch/routing/route_set.rb:50:in `call'
  actionpack (4.1.6) lib/action_dispatch/journey/router.rb:73:in `block in call'
  actionpack (4.1.6) lib/action_dispatch/journey/router.rb:59:in `each'
  actionpack (4.1.6) lib/action_dispatch/journey/router.rb:59:in `call'
  actionpack (4.1.6) lib/action_dispatch/routing/route_set.rb:678:in `call'
  rack (1.5.2) lib/rack/etag.rb:23:in `call'
  rack (1.5.2) lib/rack/conditionalget.rb:35:in `call'
  rack (1.5.2) lib/rack/head.rb:11:in `call'
  actionpack (4.1.6) lib/action_dispatch/middleware/params_parser.rb:27:in `call'
  actionpack (4.1.6) lib/action_dispatch/middleware/flash.rb:254:in `call'
  rack (1.5.2) lib/rack/session/abstract/id.rb:225:in `context'
  rack (1.5.2) lib/rack/session/abstract/id.rb:220:in `call'
  actionpack (4.1.6) lib/action_dispatch/middleware/cookies.rb:560:in `call'
  activerecord (4.1.6) lib/active_record/query_cache.rb:36:in `call'
  activerecord (4.1.6) lib/active_record/connection_adapters/abstract/connection_pool.rb:621:in `call'
  activerecord (4.1.6) lib/active_record/migration.rb:380:in `call'
  actionpack (4.1.6) lib/action_dispatch/middleware/callbacks.rb:29:in `block in call'
  activesupport (4.1.6) lib/active_support/callbacks.rb:82:in `run_callbacks'
  actionpack (4.1.6) lib/action_dispatch/middleware/callbacks.rb:27:in `call'
  actionpack (4.1.6) lib/action_dispatch/middleware/reloader.rb:73:in `call'
  actionpack (4.1.6) lib/action_dispatch/middleware/remote_ip.rb:76:in `call'
  actionpack (4.1.6) lib/action_dispatch/middleware/debug_exceptions.rb:17:in `call'
  actionpack (4.1.6) lib/action_dispatch/middleware/show_exceptions.rb:30:in `call'
  railties (4.1.6) lib/rails/rack/logger.rb:38:in `call_app'
  railties (4.1.6) lib/rails/rack/logger.rb:20:in `block in call'
  activesupport (4.1.6) lib/active_support/tagged_logging.rb:68:in `block in tagged'
  activesupport (4.1.6) lib/active_support/tagged_logging.rb:26:in `tagged'
  activesupport (4.1.6) lib/active_support/tagged_logging.rb:68:in `tagged'
  railties (4.1.6) lib/rails/rack/logger.rb:20:in `call'
  actionpack (4.1.6) lib/action_dispatch/middleware/request_id.rb:21:in `call'
  rack (1.5.2) lib/rack/methodoverride.rb:21:in `call'
  rack (1.5.2) lib/rack/runtime.rb:17:in `call'
  activesupport (4.1.6) lib/active_support/cache/strategy/local_cache_middleware.rb:26:in `call'
  rack (1.5.2) lib/rack/lock.rb:17:in `call'
  actionpack (4.1.6) lib/action_dispatch/middleware/static.rb:64:in `call'
  rack (1.5.2) lib/rack/sendfile.rb:112:in `call'
  railties (4.1.6) lib/rails/engine.rb:514:in `call'
  railties (4.1.6) lib/rails/application.rb:144:in `call'
  rack (1.5.2) lib/rack/lock.rb:17:in `call'
  rack (1.5.2) lib/rack/content_length.rb:14:in `call'
  rack (1.5.2) lib/rack/handler/webrick.rb:60:in `service'
  /home/vinaym/.rvm/rubies/ruby-2.1.1/lib/ruby/2.1.0/webrick/httpserver.rb:138:in `service'
  /home/vinaym/.rvm/rubies/ruby-2.1.1/lib/ruby/2.1.0/webrick/httpserver.rb:94:in `run'
  /home/vinaym/.rvm/rubies/ruby-2.1.1/lib/ruby/2.1.0/webrick/server.rb:295:in `block in start_thread'


  Rendered /home/vinaym/.rvm/gems/ruby-2.1.1/gems/actionpack-4.1.6/lib/action_dispatch/middleware/templates/rescues/missing_template.html.erb within rescues/layout (0.5ms)


Started GET "/" for 127.0.0.1 at 2014-10-06 01:20:12 +0530
Processing by ProductsController#new as HTML
  Rendered products/new.html.erb within layouts/application (5.4ms)
Completed 200 OK in 41ms (Views: 37.4ms | ActiveRecord: 1.8ms)


Started GET "/assets/products.css?body=1" for 127.0.0.1 at 2014-10-06 01:20:12 +0530


Started GET "/assets/application.css?body=1" for 127.0.0.1 at 2014-10-06 01:20:12 +0530


Started GET "/assets/products.js?body=1" for 127.0.0.1 at 2014-10-06 01:20:12 +0530


Started GET "/assets/turbolinks.js?body=1" for 127.0.0.1 at 2014-10-06 01:20:12 +0530


Started GET "/assets/jquery.js?body=1" for 127.0.0.1 at 2014-10-06 01:20:12 +0530


Started GET "/assets/jquery_ujs.js?body=1" for 127.0.0.1 at 2014-10-06 01:20:12 +0530


Started GET "/assets/application.js?body=1" for 127.0.0.1 at 2014-10-06 01:20:12 +0530
  [1m[36m (0.6ms)[0m  [1mSELECT COUNT(*) FROM `products`[0m


Started POST "/products" for 127.0.0.1 at 2014-10-06 01:21:42 +0530
Processing by ProductsController#create as HTML
  Parameters: {"utf8"=>"✓", "authenticity_token"=>"8IRb5NU5W8O2dAO4OcxoNEPKMzMZK+OiqvCdMOEoP5E=", "product"=>{"name"=>"Moto", "description"=>"Desc", "amount"=>"1", "status"=>"Available"}, "commit"=>"Create Product"}
Completed 500 Internal Server Error in 1ms

ActiveModel::ForbiddenAttributesError (ActiveModel::ForbiddenAttributesError):
  app/controllers/products_controller.rb:8:in `create'


  Rendered /home/vinaym/.rvm/gems/ruby-2.1.1/gems/actionpack-4.1.6/lib/action_dispatch/middleware/templates/rescues/_source.erb (0.7ms)
  Rendered /home/vinaym/.rvm/gems/ruby-2.1.1/gems/actionpack-4.1.6/lib/action_dispatch/middleware/templates/rescues/_trace.html.erb (1.1ms)
  Rendered /home/vinaym/.rvm/gems/ruby-2.1.1/gems/actionpack-4.1.6/lib/action_dispatch/middleware/templates/rescues/_request_and_response.html.erb (1.0ms)
  Rendered /home/vinaym/.rvm/gems/ruby-2.1.1/gems/actionpack-4.1.6/lib/action_dispatch/middleware/templates/rescues/diagnostics.erb within rescues/layout (12.0ms)


Started POST "/products" for 127.0.0.1 at 2014-10-06 01:24:15 +0530
Processing by ProductsController#create as HTML
  Parameters: {"utf8"=>"✓", "authenticity_token"=>"8IRb5NU5W8O2dAO4OcxoNEPKMzMZK+OiqvCdMOEoP5E=", "product"=>{"name"=>"Moto", "description"=>"des", "amount"=>"1", "status"=>"Available"}, "commit"=>"Create Product"}
Completed 500 Internal Server Error in 5ms

NoMethodError (undefined method `attr_accessible' for #<Class:0x00000006432a50>):
  app/models/product.rb:3:in `<class:Product>'
  app/models/product.rb:1:in `<top (required)>'
  app/controllers/products_controller.rb:8:in `create'


  Rendered /home/vinaym/.rvm/gems/ruby-2.1.1/gems/actionpack-4.1.6/lib/action_dispatch/middleware/templates/rescues/_source.erb (1.1ms)
  Rendered /home/vinaym/.rvm/gems/ruby-2.1.1/gems/actionpack-4.1.6/lib/action_dispatch/middleware/templates/rescues/_trace.html.erb (1.2ms)
  Rendered /home/vinaym/.rvm/gems/ruby-2.1.1/gems/actionpack-4.1.6/lib/action_dispatch/middleware/templates/rescues/_request_and_response.html.erb (1.0ms)
  Rendered /home/vinaym/.rvm/gems/ruby-2.1.1/gems/actionpack-4.1.6/lib/action_dispatch/middleware/templates/rescues/diagnostics.erb within rescues/layout (14.2ms)


Started POST "/products" for 127.0.0.1 at 2014-10-06 01:29:27 +0530
Processing by ProductsController#create as HTML
  Parameters: {"utf8"=>"✓", "authenticity_token"=>"8IRb5NU5W8O2dAO4OcxoNEPKMzMZK+OiqvCdMOEoP5E=", "product"=>{"name"=>"Moto", "description"=>"des", "amount"=>"1", "status"=>"Available"}, "commit"=>"Create Product"}
  [1m[35m (0.1ms)[0m  BEGIN
  [1m[36mSQL (0.8ms)[0m  [1mINSERT INTO `products` (`amount`, `created_at`, `description`, `name`, `status`, `updated_at`) VALUES (1.0, '2014-10-05 19:59:27', 'des', 'Moto', 'Available', '2014-10-05 19:59:27')[0m
  [1m[35m (61.7ms)[0m  COMMIT
Completed 500 Internal Server Error in 74ms

ActionView::MissingTemplate (Missing template products/create, application/create with {:locale=>[:en], :formats=>[:html], :variants=>[], :handlers=>[:erb, :builder, :raw, :ruby, :jbuilder, :coffee]}. Searched in:
  * "/home/vinaym/Rails/Projects/Vidya/sample_app/app/views"
):
  actionview (4.1.6) lib/action_view/path_set.rb:46:in `find'
  actionview (4.1.6) lib/action_view/lookup_context.rb:124:in `find'
  actionview (4.1.6) lib/action_view/renderer/abstract_renderer.rb:18:in `find_template'
  actionview (4.1.6) lib/action_view/renderer/template_renderer.rb:41:in `determine_template'
  actionview (4.1.6) lib/action_view/renderer/template_renderer.rb:8:in `render'
  actionview (4.1.6) lib/action_view/renderer/renderer.rb:42:in `render_template'
  actionview (4.1.6) lib/action_view/renderer/renderer.rb:23:in `render'
  actionview (4.1.6) lib/action_view/rendering.rb:99:in `_render_template'
  actionpack (4.1.6) lib/action_controller/metal/streaming.rb:217:in `_render_template'
  actionview (4.1.6) lib/action_view/rendering.rb:82:in `render_to_body'
  actionpack (4.1.6) lib/action_controller/metal/rendering.rb:32:in `render_to_body'
  actionpack (4.1.6) lib/action_controller/metal/renderers.rb:32:in `render_to_body'
  actionpack (4.1.6) lib/abstract_controller/rendering.rb:25:in `render'
  actionpack (4.1.6) lib/action_controller/metal/rendering.rb:16:in `render'
  actionpack (4.1.6) lib/action_controller/metal/instrumentation.rb:41:in `block (2 levels) in render'
  activesupport (4.1.6) lib/active_support/core_ext/benchmark.rb:12:in `block in ms'
  /home/vinaym/.rvm/rubies/ruby-2.1.1/lib/ruby/2.1.0/benchmark.rb:294:in `realtime'
  activesupport (4.1.6) lib/active_support/core_ext/benchmark.rb:12:in `ms'
  actionpack (4.1.6) lib/action_controller/metal/instrumentation.rb:41:in `block in render'
  actionpack (4.1.6) lib/action_controller/metal/instrumentation.rb:84:in `cleanup_view_runtime'
  activerecord (4.1.6) lib/active_record/railties/controller_runtime.rb:25:in `cleanup_view_runtime'
  actionpack (4.1.6) lib/action_controller/metal/instrumentation.rb:40:in `render'
  actionpack (4.1.6) lib/action_controller/metal/implicit_render.rb:10:in `default_render'
  actionpack (4.1.6) lib/action_controller/metal/implicit_render.rb:5:in `send_action'
  actionpack (4.1.6) lib/abstract_controller/base.rb:189:in `process_action'
  actionpack (4.1.6) lib/action_controller/metal/rendering.rb:10:in `process_action'
  actionpack (4.1.6) lib/abstract_controller/callbacks.rb:20:in `block in process_action'
  activesupport (4.1.6) lib/active_support/callbacks.rb:113:in `call'
  activesupport (4.1.6) lib/active_support/callbacks.rb:113:in `call'
  activesupport (4.1.6) lib/active_support/callbacks.rb:229:in `block in halting'
  activesupport (4.1.6) lib/active_support/callbacks.rb:229:in `call'
  activesupport (4.1.6) lib/active_support/callbacks.rb:229:in `block in halting'
  activesupport (4.1.6) lib/active_support/callbacks.rb:166:in `call'
  activesupport (4.1.6) lib/active_support/callbacks.rb:166:in `block in halting'
  activesupport (4.1.6) lib/active_support/callbacks.rb:166:in `call'
  activesupport (4.1.6) lib/active_support/callbacks.rb:166:in `block in halting'
  activesupport (4.1.6) lib/active_support/callbacks.rb:166:in `call'
  activesupport (4.1.6) lib/active_support/callbacks.rb:166:in `block in halting'
  activesupport (4.1.6) lib/active_support/callbacks.rb:86:in `call'
  activesupport (4.1.6) lib/active_support/callbacks.rb:86:in `run_callbacks'
  actionpack (4.1.6) lib/abstract_controller/callbacks.rb:19:in `process_action'
  actionpack (4.1.6) lib/action_controller/metal/rescue.rb:29:in `process_action'
  actionpack (4.1.6) lib/action_controller/metal/instrumentation.rb:31:in `block in process_action'
  activesupport (4.1.6) lib/active_support/notifications.rb:159:in `block in instrument'
  activesupport (4.1.6) lib/active_support/notifications/instrumenter.rb:20:in `instrument'
  activesupport (4.1.6) lib/active_support/notifications.rb:159:in `instrument'
  actionpack (4.1.6) lib/action_controller/metal/instrumentation.rb:30:in `process_action'
  actionpack (4.1.6) lib/action_controller/metal/params_wrapper.rb:250:in `process_action'
  activerecord (4.1.6) lib/active_record/railties/controller_runtime.rb:18:in `process_action'
  actionpack (4.1.6) lib/abstract_controller/base.rb:136:in `process'
  actionview (4.1.6) lib/action_view/rendering.rb:30:in `process'
  actionpack (4.1.6) lib/action_controller/metal.rb:196:in `dispatch'
  actionpack (4.1.6) lib/action_controller/metal/rack_delegation.rb:13:in `dispatch'
  actionpack (4.1.6) lib/action_controller/metal.rb:232:in `block in action'
  actionpack (4.1.6) lib/action_dispatch/routing/route_set.rb:82:in `call'
  actionpack (4.1.6) lib/action_dispatch/routing/route_set.rb:82:in `dispatch'
  actionpack (4.1.6) lib/action_dispatch/routing/route_set.rb:50:in `call'
  actionpack (4.1.6) lib/action_dispatch/journey/router.rb:73:in `block in call'
  actionpack (4.1.6) lib/action_dispatch/journey/router.rb:59:in `each'
  actionpack (4.1.6) lib/action_dispatch/journey/router.rb:59:in `call'
  actionpack (4.1.6) lib/action_dispatch/routing/route_set.rb:678:in `call'
  rack (1.5.2) lib/rack/etag.rb:23:in `call'
  rack (1.5.2) lib/rack/conditionalget.rb:35:in `call'
  rack (1.5.2) lib/rack/head.rb:11:in `call'
  actionpack (4.1.6) lib/action_dispatch/middleware/params_parser.rb:27:in `call'
  actionpack (4.1.6) lib/action_dispatch/middleware/flash.rb:254:in `call'
  rack (1.5.2) lib/rack/session/abstract/id.rb:225:in `context'
  rack (1.5.2) lib/rack/session/abstract/id.rb:220:in `call'
  actionpack (4.1.6) lib/action_dispatch/middleware/cookies.rb:560:in `call'
  activerecord (4.1.6) lib/active_record/query_cache.rb:36:in `call'
  activerecord (4.1.6) lib/active_record/connection_adapters/abstract/connection_pool.rb:621:in `call'
  activerecord (4.1.6) lib/active_record/migration.rb:380:in `call'
  actionpack (4.1.6) lib/action_dispatch/middleware/callbacks.rb:29:in `block in call'
  activesupport (4.1.6) lib/active_support/callbacks.rb:82:in `run_callbacks'
  actionpack (4.1.6) lib/action_dispatch/middleware/callbacks.rb:27:in `call'
  actionpack (4.1.6) lib/action_dispatch/middleware/reloader.rb:73:in `call'
  actionpack (4.1.6) lib/action_dispatch/middleware/remote_ip.rb:76:in `call'
  actionpack (4.1.6) lib/action_dispatch/middleware/debug_exceptions.rb:17:in `call'
  actionpack (4.1.6) lib/action_dispatch/middleware/show_exceptions.rb:30:in `call'
  railties (4.1.6) lib/rails/rack/logger.rb:38:in `call_app'
  railties (4.1.6) lib/rails/rack/logger.rb:20:in `block in call'
  activesupport (4.1.6) lib/active_support/tagged_logging.rb:68:in `block in tagged'
  activesupport (4.1.6) lib/active_support/tagged_logging.rb:26:in `tagged'
  activesupport (4.1.6) lib/active_support/tagged_logging.rb:68:in `tagged'
  railties (4.1.6) lib/rails/rack/logger.rb:20:in `call'
  actionpack (4.1.6) lib/action_dispatch/middleware/request_id.rb:21:in `call'
  rack (1.5.2) lib/rack/methodoverride.rb:21:in `call'
  rack (1.5.2) lib/rack/runtime.rb:17:in `call'
  activesupport (4.1.6) lib/active_support/cache/strategy/local_cache_middleware.rb:26:in `call'
  rack (1.5.2) lib/rack/lock.rb:17:in `call'
  actionpack (4.1.6) lib/action_dispatch/middleware/static.rb:64:in `call'
  rack (1.5.2) lib/rack/sendfile.rb:112:in `call'
  railties (4.1.6) lib/rails/engine.rb:514:in `call'
  railties (4.1.6) lib/rails/application.rb:144:in `call'
  rack (1.5.2) lib/rack/lock.rb:17:in `call'
  rack (1.5.2) lib/rack/content_length.rb:14:in `call'
  rack (1.5.2) lib/rack/handler/webrick.rb:60:in `service'
  /home/vinaym/.rvm/rubies/ruby-2.1.1/lib/ruby/2.1.0/webrick/httpserver.rb:138:in `service'
  /home/vinaym/.rvm/rubies/ruby-2.1.1/lib/ruby/2.1.0/webrick/httpserver.rb:94:in `run'
  /home/vinaym/.rvm/rubies/ruby-2.1.1/lib/ruby/2.1.0/webrick/server.rb:295:in `block in start_thread'


  Rendered /home/vinaym/.rvm/gems/ruby-2.1.1/gems/actionpack-4.1.6/lib/action_dispatch/middleware/templates/rescues/missing_template.html.erb within rescues/layout (0.4ms)
  [1m[35m (0.6ms)[0m  SELECT COUNT(*) FROM `products`
  [1m[36mProduct Load (0.8ms)[0m  [1mSELECT  `products`.* FROM `products`   ORDER BY `products`.`id` ASC LIMIT 1[0m


Started GET "/products" for 127.0.0.1 at 2014-10-06 01:38:51 +0530
Processing by ProductsController#index as HTML
  [1m[36mProduct Load (0.5ms)[0m  [1mSELECT `products`.* FROM `products`[0m
  Rendered products/index.html.erb within layouts/application (8.2ms)
Completed 200 OK in 50ms (Views: 45.6ms | ActiveRecord: 2.4ms)


Started GET "/assets/jquery_ujs.js?body=1" for 127.0.0.1 at 2014-10-06 01:38:51 +0530


Started GET "/assets/jquery.js?body=1" for 127.0.0.1 at 2014-10-06 01:38:51 +0530


Started GET "/assets/application.css?body=1" for 127.0.0.1 at 2014-10-06 01:38:51 +0530


Started GET "/assets/products.js?body=1" for 127.0.0.1 at 2014-10-06 01:38:51 +0530


Started GET "/assets/products.css?body=1" for 127.0.0.1 at 2014-10-06 01:38:51 +0530


Started GET "/assets/turbolinks.js?body=1" for 127.0.0.1 at 2014-10-06 01:38:51 +0530


Started GET "/assets/application.js?body=1" for 127.0.0.1 at 2014-10-06 01:38:51 +0530


Started GET "/products" for 127.0.0.1 at 2014-10-06 01:39:17 +0530
Processing by ProductsController#index as HTML
  [1m[35mProduct Load (0.1ms)[0m  SELECT `products`.* FROM `products`
  Rendered products/index.html.erb within layouts/application (1.5ms)
Completed 200 OK in 36ms (Views: 34.9ms | ActiveRecord: 0.1ms)


Started GET "/assets/products.css?body=1" for 127.0.0.1 at 2014-10-06 01:39:17 +0530


Started GET "/assets/jquery.js?body=1" for 127.0.0.1 at 2014-10-06 01:39:17 +0530


Started GET "/assets/turbolinks.js?body=1" for 127.0.0.1 at 2014-10-06 01:39:17 +0530


Started GET "/assets/application.css?body=1" for 127.0.0.1 at 2014-10-06 01:39:17 +0530


Started GET "/assets/jquery_ujs.js?body=1" for 127.0.0.1 at 2014-10-06 01:39:17 +0530


Started GET "/assets/products.js?body=1" for 127.0.0.1 at 2014-10-06 01:39:17 +0530


Started GET "/assets/application.js?body=1" for 127.0.0.1 at 2014-10-06 01:39:17 +0530


Started GET "/products" for 127.0.0.1 at 2014-10-06 01:39:20 +0530
Processing by ProductsController#index as HTML
  [1m[36mProduct Load (0.2ms)[0m  [1mSELECT `products`.* FROM `products`[0m
  Rendered products/index.html.erb within layouts/application (1.7ms)
Completed 200 OK in 38ms (Views: 37.1ms | ActiveRecord: 0.2ms)


Started GET "/assets/products.css?body=1" for 127.0.0.1 at 2014-10-06 01:39:20 +0530


Started GET "/assets/jquery.js?body=1" for 127.0.0.1 at 2014-10-06 01:39:20 +0530


Started GET "/assets/turbolinks.js?body=1" for 127.0.0.1 at 2014-10-06 01:39:20 +0530


Started GET "/assets/products.js?body=1" for 127.0.0.1 at 2014-10-06 01:39:20 +0530


Started GET "/assets/jquery_ujs.js?body=1" for 127.0.0.1 at 2014-10-06 01:39:20 +0530


Started GET "/assets/application.css?body=1" for 127.0.0.1 at 2014-10-06 01:39:20 +0530


Started GET "/assets/application.js?body=1" for 127.0.0.1 at 2014-10-06 01:39:20 +0530


Started GET "/products" for 127.0.0.1 at 2014-10-06 01:40:02 +0530
Processing by ProductsController#index as HTML
  [1m[35mProduct Load (0.3ms)[0m  SELECT `products`.* FROM `products`
  Rendered products/index.html.erb within layouts/application (2.6ms)
Completed 200 OK in 46ms (Views: 45.6ms | ActiveRecord: 0.3ms)


Started GET "/assets/products.css?body=1" for 127.0.0.1 at 2014-10-06 01:40:02 +0530


Started GET "/assets/application.css?body=1" for 127.0.0.1 at 2014-10-06 01:40:02 +0530


Started GET "/assets/jquery.js?body=1" for 127.0.0.1 at 2014-10-06 01:40:02 +0530


Started GET "/assets/jquery_ujs.js?body=1" for 127.0.0.1 at 2014-10-06 01:40:02 +0530


Started GET "/assets/products.js?body=1" for 127.0.0.1 at 2014-10-06 01:40:02 +0530


Started GET "/assets/turbolinks.js?body=1" for 127.0.0.1 at 2014-10-06 01:40:02 +0530


Started GET "/assets/application.js?body=1" for 127.0.0.1 at 2014-10-06 01:40:02 +0530


Started GET "/products" for 127.0.0.1 at 2014-10-06 01:40:26 +0530
Processing by ProductsController#index as HTML
  [1m[36mProduct Load (0.5ms)[0m  [1mSELECT `products`.* FROM `products`[0m
  Rendered products/index.html.erb within layouts/application (2.6ms)
Completed 200 OK in 37ms (Views: 35.8ms | ActiveRecord: 0.5ms)


Started GET "/assets/products.css?body=1" for 127.0.0.1 at 2014-10-06 01:40:27 +0530


Started GET "/assets/jquery.js?body=1" for 127.0.0.1 at 2014-10-06 01:40:27 +0530


Started GET "/assets/application.css?body=1" for 127.0.0.1 at 2014-10-06 01:40:27 +0530


Started GET "/assets/products.js?body=1" for 127.0.0.1 at 2014-10-06 01:40:27 +0530


Started GET "/assets/turbolinks.js?body=1" for 127.0.0.1 at 2014-10-06 01:40:27 +0530


Started GET "/assets/jquery_ujs.js?body=1" for 127.0.0.1 at 2014-10-06 01:40:27 +0530


Started GET "/assets/application.js?body=1" for 127.0.0.1 at 2014-10-06 01:40:27 +0530


Started GET "/products" for 127.0.0.1 at 2014-10-06 01:40:30 +0530
Processing by ProductsController#index as HTML
  [1m[35mProduct Load (0.2ms)[0m  SELECT `products`.* FROM `products`
  Rendered products/index.html.erb within layouts/application (1.8ms)
Completed 200 OK in 34ms (Views: 33.6ms | ActiveRecord: 0.2ms)


Started GET "/assets/products.css?body=1" for 127.0.0.1 at 2014-10-06 01:40:30 +0530


Started GET "/assets/jquery_ujs.js?body=1" for 127.0.0.1 at 2014-10-06 01:40:30 +0530


Started GET "/assets/turbolinks.js?body=1" for 127.0.0.1 at 2014-10-06 01:40:30 +0530


Started GET "/assets/application.css?body=1" for 127.0.0.1 at 2014-10-06 01:40:30 +0530


Started GET "/assets/jquery.js?body=1" for 127.0.0.1 at 2014-10-06 01:40:30 +0530


Started GET "/assets/products.js?body=1" for 127.0.0.1 at 2014-10-06 01:40:30 +0530


Started GET "/assets/application.js?body=1" for 127.0.0.1 at 2014-10-06 01:40:30 +0530


Started GET "/products" for 127.0.0.1 at 2014-10-06 01:40:42 +0530
Processing by ProductsController#index as HTML
  [1m[36mProduct Load (0.1ms)[0m  [1mSELECT `products`.* FROM `products`[0m
  Rendered products/index.html.erb within layouts/application (1.3ms)
Completed 200 OK in 48ms (Views: 47.0ms | ActiveRecord: 0.1ms)


Started GET "/assets/products.css?body=1" for 127.0.0.1 at 2014-10-06 01:40:42 +0530


Started GET "/assets/jquery_ujs.js?body=1" for 127.0.0.1 at 2014-10-06 01:40:42 +0530


Started GET "/assets/jquery.js?body=1" for 127.0.0.1 at 2014-10-06 01:40:42 +0530


Started GET "/assets/products.js?body=1" for 127.0.0.1 at 2014-10-06 01:40:42 +0530


Started GET "/assets/turbolinks.js?body=1" for 127.0.0.1 at 2014-10-06 01:40:42 +0530


Started GET "/assets/application.css?body=1" for 127.0.0.1 at 2014-10-06 01:40:42 +0530


Started GET "/assets/application.js?body=1" for 127.0.0.1 at 2014-10-06 01:40:42 +0530


Started GET "/products/new" for 127.0.0.1 at 2014-10-06 01:42:13 +0530
Processing by ProductsController#new as HTML
  Rendered products/new.html.erb within layouts/application (5.2ms)
Completed 200 OK in 46ms (Views: 42.0ms | ActiveRecord: 2.0ms)


Started GET "/assets/application.css?body=1" for 127.0.0.1 at 2014-10-06 01:42:13 +0530


Started GET "/assets/products.css?body=1" for 127.0.0.1 at 2014-10-06 01:42:13 +0530


Started GET "/assets/products.js?body=1" for 127.0.0.1 at 2014-10-06 01:42:13 +0530


Started GET "/assets/turbolinks.js?body=1" for 127.0.0.1 at 2014-10-06 01:42:13 +0530


Started GET "/assets/jquery_ujs.js?body=1" for 127.0.0.1 at 2014-10-06 01:42:13 +0530


Started GET "/assets/jquery.js?body=1" for 127.0.0.1 at 2014-10-06 01:42:13 +0530


Started GET "/assets/application.js?body=1" for 127.0.0.1 at 2014-10-06 01:42:13 +0530


Started POST "/products" for 127.0.0.1 at 2014-10-06 01:42:30 +0530
Processing by ProductsController#create as HTML
  Parameters: {"utf8"=>"✓", "authenticity_token"=>"8IRb5NU5W8O2dAO4OcxoNEPKMzMZK+OiqvCdMOEoP5E=", "product"=>{"name"=>"Moto g", "description"=>"g", "amount"=>"1", "status"=>"Available"}, "commit"=>"Create Product"}
  [1m[35m (0.1ms)[0m  BEGIN
  [1m[36mSQL (0.4ms)[0m  [1mINSERT INTO `products` (`amount`, `created_at`, `description`, `name`, `status`, `updated_at`) VALUES (1.0, '2014-10-05 20:12:30', 'g', 'Moto g', 'Available', '2014-10-05 20:12:30')[0m
  [1m[35m (83.7ms)[0m  COMMIT
Completed 500 Internal Server Error in 90ms

ActionView::MissingTemplate (Missing template products/create, application/create with {:locale=>[:en], :formats=>[:html], :variants=>[], :handlers=>[:erb, :builder, :raw, :ruby, :jbuilder, :coffee]}. Searched in:
  * "/home/vinaym/Rails/Projects/Vidya/sample_app/app/views"
):
  actionview (4.1.6) lib/action_view/path_set.rb:46:in `find'
  actionview (4.1.6) lib/action_view/lookup_context.rb:124:in `find'
  actionview (4.1.6) lib/action_view/renderer/abstract_renderer.rb:18:in `find_template'
  actionview (4.1.6) lib/action_view/renderer/template_renderer.rb:41:in `determine_template'
  actionview (4.1.6) lib/action_view/renderer/template_renderer.rb:8:in `render'
  actionview (4.1.6) lib/action_view/renderer/renderer.rb:42:in `render_template'
  actionview (4.1.6) lib/action_view/renderer/renderer.rb:23:in `render'
  actionview (4.1.6) lib/action_view/rendering.rb:99:in `_render_template'
  actionpack (4.1.6) lib/action_controller/metal/streaming.rb:217:in `_render_template'
  actionview (4.1.6) lib/action_view/rendering.rb:82:in `render_to_body'
  actionpack (4.1.6) lib/action_controller/metal/rendering.rb:32:in `render_to_body'
  actionpack (4.1.6) lib/action_controller/metal/renderers.rb:32:in `render_to_body'
  actionpack (4.1.6) lib/abstract_controller/rendering.rb:25:in `render'
  actionpack (4.1.6) lib/action_controller/metal/rendering.rb:16:in `render'
  actionpack (4.1.6) lib/action_controller/metal/instrumentation.rb:41:in `block (2 levels) in render'
  activesupport (4.1.6) lib/active_support/core_ext/benchmark.rb:12:in `block in ms'
  /home/vinaym/.rvm/rubies/ruby-2.1.1/lib/ruby/2.1.0/benchmark.rb:294:in `realtime'
  activesupport (4.1.6) lib/active_support/core_ext/benchmark.rb:12:in `ms'
  actionpack (4.1.6) lib/action_controller/metal/instrumentation.rb:41:in `block in render'
  actionpack (4.1.6) lib/action_controller/metal/instrumentation.rb:84:in `cleanup_view_runtime'
  activerecord (4.1.6) lib/active_record/railties/controller_runtime.rb:25:in `cleanup_view_runtime'
  actionpack (4.1.6) lib/action_controller/metal/instrumentation.rb:40:in `render'
  actionpack (4.1.6) lib/action_controller/metal/implicit_render.rb:10:in `default_render'
  actionpack (4.1.6) lib/action_controller/metal/implicit_render.rb:5:in `send_action'
  actionpack (4.1.6) lib/abstract_controller/base.rb:189:in `process_action'
  actionpack (4.1.6) lib/action_controller/metal/rendering.rb:10:in `process_action'
  actionpack (4.1.6) lib/abstract_controller/callbacks.rb:20:in `block in process_action'
  activesupport (4.1.6) lib/active_support/callbacks.rb:113:in `call'
  activesupport (4.1.6) lib/active_support/callbacks.rb:113:in `call'
  activesupport (4.1.6) lib/active_support/callbacks.rb:229:in `block in halting'
  activesupport (4.1.6) lib/active_support/callbacks.rb:229:in `call'
  activesupport (4.1.6) lib/active_support/callbacks.rb:229:in `block in halting'
  activesupport (4.1.6) lib/active_support/callbacks.rb:166:in `call'
  activesupport (4.1.6) lib/active_support/callbacks.rb:166:in `block in halting'
  activesupport (4.1.6) lib/active_support/callbacks.rb:166:in `call'
  activesupport (4.1.6) lib/active_support/callbacks.rb:166:in `block in halting'
  activesupport (4.1.6) lib/active_support/callbacks.rb:166:in `call'
  activesupport (4.1.6) lib/active_support/callbacks.rb:166:in `block in halting'
  activesupport (4.1.6) lib/active_support/callbacks.rb:86:in `call'
  activesupport (4.1.6) lib/active_support/callbacks.rb:86:in `run_callbacks'
  actionpack (4.1.6) lib/abstract_controller/callbacks.rb:19:in `process_action'
  actionpack (4.1.6) lib/action_controller/metal/rescue.rb:29:in `process_action'
  actionpack (4.1.6) lib/action_controller/metal/instrumentation.rb:31:in `block in process_action'
  activesupport (4.1.6) lib/active_support/notifications.rb:159:in `block in instrument'
  activesupport (4.1.6) lib/active_support/notifications/instrumenter.rb:20:in `instrument'
  activesupport (4.1.6) lib/active_support/notifications.rb:159:in `instrument'
  actionpack (4.1.6) lib/action_controller/metal/instrumentation.rb:30:in `process_action'
  actionpack (4.1.6) lib/action_controller/metal/params_wrapper.rb:250:in `process_action'
  activerecord (4.1.6) lib/active_record/railties/controller_runtime.rb:18:in `process_action'
  actionpack (4.1.6) lib/abstract_controller/base.rb:136:in `process'
  actionview (4.1.6) lib/action_view/rendering.rb:30:in `process'
  actionpack (4.1.6) lib/action_controller/metal.rb:196:in `dispatch'
  actionpack (4.1.6) lib/action_controller/metal/rack_delegation.rb:13:in `dispatch'
  actionpack (4.1.6) lib/action_controller/metal.rb:232:in `block in action'
  actionpack (4.1.6) lib/action_dispatch/routing/route_set.rb:82:in `call'
  actionpack (4.1.6) lib/action_dispatch/routing/route_set.rb:82:in `dispatch'
  actionpack (4.1.6) lib/action_dispatch/routing/route_set.rb:50:in `call'
  actionpack (4.1.6) lib/action_dispatch/journey/router.rb:73:in `block in call'
  actionpack (4.1.6) lib/action_dispatch/journey/router.rb:59:in `each'
  actionpack (4.1.6) lib/action_dispatch/journey/router.rb:59:in `call'
  actionpack (4.1.6) lib/action_dispatch/routing/route_set.rb:678:in `call'
  rack (1.5.2) lib/rack/etag.rb:23:in `call'
  rack (1.5.2) lib/rack/conditionalget.rb:35:in `call'
  rack (1.5.2) lib/rack/head.rb:11:in `call'
  actionpack (4.1.6) lib/action_dispatch/middleware/params_parser.rb:27:in `call'
  actionpack (4.1.6) lib/action_dispatch/middleware/flash.rb:254:in `call'
  rack (1.5.2) lib/rack/session/abstract/id.rb:225:in `context'
  rack (1.5.2) lib/rack/session/abstract/id.rb:220:in `call'
  actionpack (4.1.6) lib/action_dispatch/middleware/cookies.rb:560:in `call'
  activerecord (4.1.6) lib/active_record/query_cache.rb:36:in `call'
  activerecord (4.1.6) lib/active_record/connection_adapters/abstract/connection_pool.rb:621:in `call'
  activerecord (4.1.6) lib/active_record/migration.rb:380:in `call'
  actionpack (4.1.6) lib/action_dispatch/middleware/callbacks.rb:29:in `block in call'
  activesupport (4.1.6) lib/active_support/callbacks.rb:82:in `run_callbacks'
  actionpack (4.1.6) lib/action_dispatch/middleware/callbacks.rb:27:in `call'
  actionpack (4.1.6) lib/action_dispatch/middleware/reloader.rb:73:in `call'
  actionpack (4.1.6) lib/action_dispatch/middleware/remote_ip.rb:76:in `call'
  actionpack (4.1.6) lib/action_dispatch/middleware/debug_exceptions.rb:17:in `call'
  actionpack (4.1.6) lib/action_dispatch/middleware/show_exceptions.rb:30:in `call'
  railties (4.1.6) lib/rails/rack/logger.rb:38:in `call_app'
  railties (4.1.6) lib/rails/rack/logger.rb:20:in `block in call'
  activesupport (4.1.6) lib/active_support/tagged_logging.rb:68:in `block in tagged'
  activesupport (4.1.6) lib/active_support/tagged_logging.rb:26:in `tagged'
  activesupport (4.1.6) lib/active_support/tagged_logging.rb:68:in `tagged'
  railties (4.1.6) lib/rails/rack/logger.rb:20:in `call'
  actionpack (4.1.6) lib/action_dispatch/middleware/request_id.rb:21:in `call'
  rack (1.5.2) lib/rack/methodoverride.rb:21:in `call'
  rack (1.5.2) lib/rack/runtime.rb:17:in `call'
  activesupport (4.1.6) lib/active_support/cache/strategy/local_cache_middleware.rb:26:in `call'
  rack (1.5.2) lib/rack/lock.rb:17:in `call'
  actionpack (4.1.6) lib/action_dispatch/middleware/static.rb:64:in `call'
  rack (1.5.2) lib/rack/sendfile.rb:112:in `call'
  railties (4.1.6) lib/rails/engine.rb:514:in `call'
  railties (4.1.6) lib/rails/application.rb:144:in `call'
  rack (1.5.2) lib/rack/lock.rb:17:in `call'
  rack (1.5.2) lib/rack/content_length.rb:14:in `call'
  rack (1.5.2) lib/rack/handler/webrick.rb:60:in `service'
  /home/vinaym/.rvm/rubies/ruby-2.1.1/lib/ruby/2.1.0/webrick/httpserver.rb:138:in `service'
  /home/vinaym/.rvm/rubies/ruby-2.1.1/lib/ruby/2.1.0/webrick/httpserver.rb:94:in `run'
  /home/vinaym/.rvm/rubies/ruby-2.1.1/lib/ruby/2.1.0/webrick/server.rb:295:in `block in start_thread'


  Rendered /home/vinaym/.rvm/gems/ruby-2.1.1/gems/actionpack-4.1.6/lib/action_dispatch/middleware/templates/rescues/missing_template.html.erb within rescues/layout (0.7ms)


Started GET "/products" for 127.0.0.1 at 2014-10-06 01:42:37 +0530
Processing by ProductsController#index as HTML
  [1m[36mProduct Load (0.3ms)[0m  [1mSELECT `products`.* FROM `products`[0m
  Rendered products/index.html.erb within layouts/application (2.7ms)
Completed 200 OK in 39ms (Views: 37.8ms | ActiveRecord: 0.3ms)


Started GET "/assets/products.css?body=1" for 127.0.0.1 at 2014-10-06 01:42:37 +0530


Started GET "/assets/application.css?body=1" for 127.0.0.1 at 2014-10-06 01:42:37 +0530


Started GET "/assets/turbolinks.js?body=1" for 127.0.0.1 at 2014-10-06 01:42:37 +0530


Started GET "/assets/products.js?body=1" for 127.0.0.1 at 2014-10-06 01:42:37 +0530


Started GET "/assets/jquery.js?body=1" for 127.0.0.1 at 2014-10-06 01:42:37 +0530


Started GET "/assets/jquery_ujs.js?body=1" for 127.0.0.1 at 2014-10-06 01:42:37 +0530


Started GET "/assets/application.js?body=1" for 127.0.0.1 at 2014-10-06 01:42:37 +0530


Started GET "/products/edit/1" for 127.0.0.1 at 2014-10-06 01:45:42 +0530

ActionController::RoutingError (No route matches [GET] "/products/edit/1"):
  actionpack (4.1.6) lib/action_dispatch/middleware/debug_exceptions.rb:21:in `call'
  actionpack (4.1.6) lib/action_dispatch/middleware/show_exceptions.rb:30:in `call'
  railties (4.1.6) lib/rails/rack/logger.rb:38:in `call_app'
  railties (4.1.6) lib/rails/rack/logger.rb:20:in `block in call'
  activesupport (4.1.6) lib/active_support/tagged_logging.rb:68:in `block in tagged'
  activesupport (4.1.6) lib/active_support/tagged_logging.rb:26:in `tagged'
  activesupport (4.1.6) lib/active_support/tagged_logging.rb:68:in `tagged'
  railties (4.1.6) lib/rails/rack/logger.rb:20:in `call'
  actionpack (4.1.6) lib/action_dispatch/middleware/request_id.rb:21:in `call'
  rack (1.5.2) lib/rack/methodoverride.rb:21:in `call'
  rack (1.5.2) lib/rack/runtime.rb:17:in `call'
  activesupport (4.1.6) lib/active_support/cache/strategy/local_cache_middleware.rb:26:in `call'
  rack (1.5.2) lib/rack/lock.rb:17:in `call'
  actionpack (4.1.6) lib/action_dispatch/middleware/static.rb:64:in `call'
  rack (1.5.2) lib/rack/sendfile.rb:112:in `call'
  railties (4.1.6) lib/rails/engine.rb:514:in `call'
  railties (4.1.6) lib/rails/application.rb:144:in `call'
  rack (1.5.2) lib/rack/lock.rb:17:in `call'
  rack (1.5.2) lib/rack/content_length.rb:14:in `call'
  rack (1.5.2) lib/rack/handler/webrick.rb:60:in `service'
  /home/vinaym/.rvm/rubies/ruby-2.1.1/lib/ruby/2.1.0/webrick/httpserver.rb:138:in `service'
  /home/vinaym/.rvm/rubies/ruby-2.1.1/lib/ruby/2.1.0/webrick/httpserver.rb:94:in `run'
  /home/vinaym/.rvm/rubies/ruby-2.1.1/lib/ruby/2.1.0/webrick/server.rb:295:in `block in start_thread'


  Rendered /home/vinaym/.rvm/gems/ruby-2.1.1/gems/actionpack-4.1.6/lib/action_dispatch/middleware/templates/rescues/_trace.html.erb (1.2ms)
  Rendered /home/vinaym/.rvm/gems/ruby-2.1.1/gems/actionpack-4.1.6/lib/action_dispatch/middleware/templates/routes/_route.html.erb (1.3ms)
  Rendered /home/vinaym/.rvm/gems/ruby-2.1.1/gems/actionpack-4.1.6/lib/action_dispatch/middleware/templates/routes/_table.html.erb (1.2ms)
  Rendered /home/vinaym/.rvm/gems/ruby-2.1.1/gems/actionpack-4.1.6/lib/action_dispatch/middleware/templates/rescues/routing_error.html.erb within rescues/layout (16.8ms)


Started GET "/products/1/edit" for 127.0.0.1 at 2014-10-06 01:45:55 +0530
Processing by ProductsController#edit as HTML
  Parameters: {"id"=>"1"}
  [1m[35mProduct Load (0.6ms)[0m  SELECT  `products`.* FROM `products`  WHERE `products`.`id` = 1 LIMIT 1
  Rendered products/edit.html.erb within layouts/application (2.6ms)
Completed 200 OK in 52ms (Views: 37.6ms | ActiveRecord: 3.4ms)


Started GET "/assets/products.css?body=1" for 127.0.0.1 at 2014-10-06 01:45:55 +0530


Started GET "/assets/application.css?body=1" for 127.0.0.1 at 2014-10-06 01:45:55 +0530


Started GET "/assets/products.js?body=1" for 127.0.0.1 at 2014-10-06 01:45:55 +0530


Started GET "/assets/jquery_ujs.js?body=1" for 127.0.0.1 at 2014-10-06 01:45:55 +0530


Started GET "/assets/turbolinks.js?body=1" for 127.0.0.1 at 2014-10-06 01:45:55 +0530


Started GET "/assets/jquery.js?body=1" for 127.0.0.1 at 2014-10-06 01:45:55 +0530


Started GET "/assets/application.js?body=1" for 127.0.0.1 at 2014-10-06 01:45:55 +0530


Started PATCH "/products/1" for 127.0.0.1 at 2014-10-06 01:50:08 +0530
Processing by ProductsController#update as HTML
  Parameters: {"utf8"=>"✓", "authenticity_token"=>"8IRb5NU5W8O2dAO4OcxoNEPKMzMZK+OiqvCdMOEoP5E=", "product"=>{"name"=>"Moto X", "description"=>"des asa", "amount"=>"1.0", "status"=>"Available"}, "commit"=>"Update Product", "id"=>"1"}
  [1m[36mProduct Load (0.1ms)[0m  [1mSELECT  `products`.* FROM `products`  WHERE `products`.`id` = 1 LIMIT 1[0m
  [1m[35m (0.3ms)[0m  BEGIN
  [1m[36mSQL (0.7ms)[0m  [1mUPDATE `products` SET `description` = 'des asa', `name` = 'Moto X', `updated_at` = '2014-10-05 20:20:08' WHERE `products`.`id` = 1[0m
  [1m[35m (56.0ms)[0m  COMMIT
Completed 500 Internal Server Error in 73ms

ActionView::MissingTemplate (Missing template products/update, application/update with {:locale=>[:en], :formats=>[:html], :variants=>[], :handlers=>[:erb, :builder, :raw, :ruby, :jbuilder, :coffee]}. Searched in:
  * "/home/vinaym/Rails/Projects/Vidya/sample_app/app/views"
):
  actionview (4.1.6) lib/action_view/path_set.rb:46:in `find'
  actionview (4.1.6) lib/action_view/lookup_context.rb:124:in `find'
  actionview (4.1.6) lib/action_view/renderer/abstract_renderer.rb:18:in `find_template'
  actionview (4.1.6) lib/action_view/renderer/template_renderer.rb:41:in `determine_template'
  actionview (4.1.6) lib/action_view/renderer/template_renderer.rb:8:in `render'
  actionview (4.1.6) lib/action_view/renderer/renderer.rb:42:in `render_template'
  actionview (4.1.6) lib/action_view/renderer/renderer.rb:23:in `render'
  actionview (4.1.6) lib/action_view/rendering.rb:99:in `_render_template'
  actionpack (4.1.6) lib/action_controller/metal/streaming.rb:217:in `_render_template'
  actionview (4.1.6) lib/action_view/rendering.rb:82:in `render_to_body'
  actionpack (4.1.6) lib/action_controller/metal/rendering.rb:32:in `render_to_body'
  actionpack (4.1.6) lib/action_controller/metal/renderers.rb:32:in `render_to_body'
  actionpack (4.1.6) lib/abstract_controller/rendering.rb:25:in `render'
  actionpack (4.1.6) lib/action_controller/metal/rendering.rb:16:in `render'
  actionpack (4.1.6) lib/action_controller/metal/instrumentation.rb:41:in `block (2 levels) in render'
  activesupport (4.1.6) lib/active_support/core_ext/benchmark.rb:12:in `block in ms'
  /home/vinaym/.rvm/rubies/ruby-2.1.1/lib/ruby/2.1.0/benchmark.rb:294:in `realtime'
  activesupport (4.1.6) lib/active_support/core_ext/benchmark.rb:12:in `ms'
  actionpack (4.1.6) lib/action_controller/metal/instrumentation.rb:41:in `block in render'
  actionpack (4.1.6) lib/action_controller/metal/instrumentation.rb:84:in `cleanup_view_runtime'
  activerecord (4.1.6) lib/active_record/railties/controller_runtime.rb:25:in `cleanup_view_runtime'
  actionpack (4.1.6) lib/action_controller/metal/instrumentation.rb:40:in `render'
  actionpack (4.1.6) lib/action_controller/metal/implicit_render.rb:10:in `default_render'
  actionpack (4.1.6) lib/action_controller/metal/implicit_render.rb:5:in `send_action'
  actionpack (4.1.6) lib/abstract_controller/base.rb:189:in `process_action'
  actionpack (4.1.6) lib/action_controller/metal/rendering.rb:10:in `process_action'
  actionpack (4.1.6) lib/abstract_controller/callbacks.rb:20:in `block in process_action'
  activesupport (4.1.6) lib/active_support/callbacks.rb:113:in `call'
  activesupport (4.1.6) lib/active_support/callbacks.rb:113:in `call'
  activesupport (4.1.6) lib/active_support/callbacks.rb:229:in `block in halting'
  activesupport (4.1.6) lib/active_support/callbacks.rb:229:in `call'
  activesupport (4.1.6) lib/active_support/callbacks.rb:229:in `block in halting'
  activesupport (4.1.6) lib/active_support/callbacks.rb:166:in `call'
  activesupport (4.1.6) lib/active_support/callbacks.rb:166:in `block in halting'
  activesupport (4.1.6) lib/active_support/callbacks.rb:166:in `call'
  activesupport (4.1.6) lib/active_support/callbacks.rb:166:in `block in halting'
  activesupport (4.1.6) lib/active_support/callbacks.rb:166:in `call'
  activesupport (4.1.6) lib/active_support/callbacks.rb:166:in `block in halting'
  activesupport (4.1.6) lib/active_support/callbacks.rb:86:in `call'
  activesupport (4.1.6) lib/active_support/callbacks.rb:86:in `run_callbacks'
  actionpack (4.1.6) lib/abstract_controller/callbacks.rb:19:in `process_action'
  actionpack (4.1.6) lib/action_controller/metal/rescue.rb:29:in `process_action'
  actionpack (4.1.6) lib/action_controller/metal/instrumentation.rb:31:in `block in process_action'
  activesupport (4.1.6) lib/active_support/notifications.rb:159:in `block in instrument'
  activesupport (4.1.6) lib/active_support/notifications/instrumenter.rb:20:in `instrument'
  activesupport (4.1.6) lib/active_support/notifications.rb:159:in `instrument'
  actionpack (4.1.6) lib/action_controller/metal/instrumentation.rb:30:in `process_action'
  actionpack (4.1.6) lib/action_controller/metal/params_wrapper.rb:250:in `process_action'
  activerecord (4.1.6) lib/active_record/railties/controller_runtime.rb:18:in `process_action'
  actionpack (4.1.6) lib/abstract_controller/base.rb:136:in `process'
  actionview (4.1.6) lib/action_view/rendering.rb:30:in `process'
  actionpack (4.1.6) lib/action_controller/metal.rb:196:in `dispatch'
  actionpack (4.1.6) lib/action_controller/metal/rack_delegation.rb:13:in `dispatch'
  actionpack (4.1.6) lib/action_controller/metal.rb:232:in `block in action'
  actionpack (4.1.6) lib/action_dispatch/routing/route_set.rb:82:in `call'
  actionpack (4.1.6) lib/action_dispatch/routing/route_set.rb:82:in `dispatch'
  actionpack (4.1.6) lib/action_dispatch/routing/route_set.rb:50:in `call'
  actionpack (4.1.6) lib/action_dispatch/journey/router.rb:73:in `block in call'
  actionpack (4.1.6) lib/action_dispatch/journey/router.rb:59:in `each'
  actionpack (4.1.6) lib/action_dispatch/journey/router.rb:59:in `call'
  actionpack (4.1.6) lib/action_dispatch/routing/route_set.rb:678:in `call'
  rack (1.5.2) lib/rack/etag.rb:23:in `call'
  rack (1.5.2) lib/rack/conditionalget.rb:35:in `call'
  rack (1.5.2) lib/rack/head.rb:11:in `call'
  actionpack (4.1.6) lib/action_dispatch/middleware/params_parser.rb:27:in `call'
  actionpack (4.1.6) lib/action_dispatch/middleware/flash.rb:254:in `call'
  rack (1.5.2) lib/rack/session/abstract/id.rb:225:in `context'
  rack (1.5.2) lib/rack/session/abstract/id.rb:220:in `call'
  actionpack (4.1.6) lib/action_dispatch/middleware/cookies.rb:560:in `call'
  activerecord (4.1.6) lib/active_record/query_cache.rb:36:in `call'
  activerecord (4.1.6) lib/active_record/connection_adapters/abstract/connection_pool.rb:621:in `call'
  activerecord (4.1.6) lib/active_record/migration.rb:380:in `call'
  actionpack (4.1.6) lib/action_dispatch/middleware/callbacks.rb:29:in `block in call'
  activesupport (4.1.6) lib/active_support/callbacks.rb:82:in `run_callbacks'
  actionpack (4.1.6) lib/action_dispatch/middleware/callbacks.rb:27:in `call'
  actionpack (4.1.6) lib/action_dispatch/middleware/reloader.rb:73:in `call'
  actionpack (4.1.6) lib/action_dispatch/middleware/remote_ip.rb:76:in `call'
  actionpack (4.1.6) lib/action_dispatch/middleware/debug_exceptions.rb:17:in `call'
  actionpack (4.1.6) lib/action_dispatch/middleware/show_exceptions.rb:30:in `call'
  railties (4.1.6) lib/rails/rack/logger.rb:38:in `call_app'
  railties (4.1.6) lib/rails/rack/logger.rb:20:in `block in call'
  activesupport (4.1.6) lib/active_support/tagged_logging.rb:68:in `block in tagged'
  activesupport (4.1.6) lib/active_support/tagged_logging.rb:26:in `tagged'
  activesupport (4.1.6) lib/active_support/tagged_logging.rb:68:in `tagged'
  railties (4.1.6) lib/rails/rack/logger.rb:20:in `call'
  actionpack (4.1.6) lib/action_dispatch/middleware/request_id.rb:21:in `call'
  rack (1.5.2) lib/rack/methodoverride.rb:21:in `call'
  rack (1.5.2) lib/rack/runtime.rb:17:in `call'
  activesupport (4.1.6) lib/active_support/cache/strategy/local_cache_middleware.rb:26:in `call'
  rack (1.5.2) lib/rack/lock.rb:17:in `call'
  actionpack (4.1.6) lib/action_dispatch/middleware/static.rb:64:in `call'
  rack (1.5.2) lib/rack/sendfile.rb:112:in `call'
  railties (4.1.6) lib/rails/engine.rb:514:in `call'
  railties (4.1.6) lib/rails/application.rb:144:in `call'
  rack (1.5.2) lib/rack/lock.rb:17:in `call'
  rack (1.5.2) lib/rack/content_length.rb:14:in `call'
  rack (1.5.2) lib/rack/handler/webrick.rb:60:in `service'
  /home/vinaym/.rvm/rubies/ruby-2.1.1/lib/ruby/2.1.0/webrick/httpserver.rb:138:in `service'
  /home/vinaym/.rvm/rubies/ruby-2.1.1/lib/ruby/2.1.0/webrick/httpserver.rb:94:in `run'
  /home/vinaym/.rvm/rubies/ruby-2.1.1/lib/ruby/2.1.0/webrick/server.rb:295:in `block in start_thread'


  Rendered /home/vinaym/.rvm/gems/ruby-2.1.1/gems/actionpack-4.1.6/lib/action_dispatch/middleware/templates/rescues/missing_template.html.erb within rescues/layout (0.4ms)


Started GET "/products" for 127.0.0.1 at 2014-10-06 01:50:16 +0530
Processing by ProductsController#index as HTML
  [1m[36mProduct Load (0.8ms)[0m  [1mSELECT `products`.* FROM `products`[0m
  Rendered products/index.html.erb within layouts/application (2.9ms)
Completed 200 OK in 53ms (Views: 51.2ms | ActiveRecord: 0.8ms)


Started GET "/assets/products.css?body=1" for 127.0.0.1 at 2014-10-06 01:50:16 +0530


Started GET "/assets/jquery.js?body=1" for 127.0.0.1 at 2014-10-06 01:50:16 +0530


Started GET "/assets/application.css?body=1" for 127.0.0.1 at 2014-10-06 01:50:16 +0530


Started GET "/assets/jquery_ujs.js?body=1" for 127.0.0.1 at 2014-10-06 01:50:16 +0530


Started GET "/assets/products.js?body=1" for 127.0.0.1 at 2014-10-06 01:50:16 +0530


Started GET "/assets/turbolinks.js?body=1" for 127.0.0.1 at 2014-10-06 01:50:16 +0530


Started GET "/assets/application.js?body=1" for 127.0.0.1 at 2014-10-06 01:50:16 +0530


Started GET "/products" for 127.0.0.1 at 2014-10-06 01:53:16 +0530
Processing by ProductsController#index as HTML
  [1m[35mProduct Load (0.2ms)[0m  SELECT `products`.* FROM `products`
  Rendered products/index.html.erb within layouts/application (8.1ms)
Completed 200 OK in 46ms (Views: 42.2ms | ActiveRecord: 2.5ms)


Started GET "/assets/products.js?body=1" for 127.0.0.1 at 2014-10-06 01:53:16 +0530


Started GET "/assets/products.css?body=1" for 127.0.0.1 at 2014-10-06 01:53:16 +0530


Started GET "/assets/application.css?body=1" for 127.0.0.1 at 2014-10-06 01:53:16 +0530


Started GET "/assets/jquery_ujs.js?body=1" for 127.0.0.1 at 2014-10-06 01:53:16 +0530


Started GET "/assets/jquery.js?body=1" for 127.0.0.1 at 2014-10-06 01:53:16 +0530


Started GET "/assets/turbolinks.js?body=1" for 127.0.0.1 at 2014-10-06 01:53:16 +0530


Started GET "/assets/application.js?body=1" for 127.0.0.1 at 2014-10-06 01:53:16 +0530


Started GET "/products/1/edit" for 127.0.0.1 at 2014-10-06 01:53:39 +0530
Processing by ProductsController#edit as HTML
  Parameters: {"id"=>"1"}
  [1m[36mProduct Load (0.4ms)[0m  [1mSELECT  `products`.* FROM `products`  WHERE `products`.`id` = 1 LIMIT 1[0m
  Rendered products/edit.html.erb within layouts/application (3.7ms)
Completed 200 OK in 44ms (Views: 42.7ms | ActiveRecord: 0.4ms)


Started GET "/assets/products.css?body=1" for 127.0.0.1 at 2014-10-06 01:53:40 +0530


Started GET "/assets/jquery.js?body=1" for 127.0.0.1 at 2014-10-06 01:53:40 +0530


Started GET "/assets/jquery_ujs.js?body=1" for 127.0.0.1 at 2014-10-06 01:53:40 +0530


Started GET "/assets/products.js?body=1" for 127.0.0.1 at 2014-10-06 01:53:40 +0530


Started GET "/assets/turbolinks.js?body=1" for 127.0.0.1 at 2014-10-06 01:53:40 +0530


Started GET "/assets/application.css?body=1" for 127.0.0.1 at 2014-10-06 01:53:40 +0530


Started GET "/assets/application.js?body=1" for 127.0.0.1 at 2014-10-06 01:53:40 +0530


Started GET "/products" for 127.0.0.1 at 2014-10-06 01:54:11 +0530
Processing by ProductsController#index as HTML
  [1m[35mProduct Load (0.2ms)[0m  SELECT `products`.* FROM `products`
  Rendered products/index.html.erb within layouts/application (2.3ms)
Completed 200 OK in 42ms (Views: 40.8ms | ActiveRecord: 0.2ms)


Started GET "/assets/products.css?body=1" for 127.0.0.1 at 2014-10-06 01:54:11 +0530


Started GET "/assets/jquery_ujs.js?body=1" for 127.0.0.1 at 2014-10-06 01:54:11 +0530


Started GET "/assets/application.css?body=1" for 127.0.0.1 at 2014-10-06 01:54:11 +0530


Started GET "/assets/jquery.js?body=1" for 127.0.0.1 at 2014-10-06 01:54:11 +0530


Started GET "/assets/application.js?body=1" for 127.0.0.1 at 2014-10-06 01:54:11 +0530


Started GET "/assets/products.js?body=1" for 127.0.0.1 at 2014-10-06 01:54:11 +0530


Started GET "/assets/turbolinks.js?body=1" for 127.0.0.1 at 2014-10-06 01:54:11 +0530


Started GET "/products" for 127.0.0.1 at 2014-10-06 01:56:37 +0530
Processing by ProductsController#index as HTML
  [1m[36mProduct Load (0.4ms)[0m  [1mSELECT `products`.* FROM `products`[0m
  Rendered products/index.html.erb within layouts/application (4.5ms)
Completed 200 OK in 46ms (Views: 45.2ms | ActiveRecord: 0.4ms)


Started GET "/assets/products.css?body=1" for 127.0.0.1 at 2014-10-06 01:56:37 +0530


Started GET "/assets/jquery.js?body=1" for 127.0.0.1 at 2014-10-06 01:56:37 +0530


Started GET "/assets/products.js?body=1" for 127.0.0.1 at 2014-10-06 01:56:37 +0530


Started GET "/assets/application.css?body=1" for 127.0.0.1 at 2014-10-06 01:56:37 +0530


Started GET "/assets/jquery_ujs.js?body=1" for 127.0.0.1 at 2014-10-06 01:56:37 +0530


Started GET "/assets/turbolinks.js?body=1" for 127.0.0.1 at 2014-10-06 01:56:37 +0530


Started GET "/assets/application.js?body=1" for 127.0.0.1 at 2014-10-06 01:56:37 +0530


Started DELETE "/products/1" for 127.0.0.1 at 2014-10-06 01:56:39 +0530
Processing by ProductsController#destroy as HTML
  Parameters: {"authenticity_token"=>"8IRb5NU5W8O2dAO4OcxoNEPKMzMZK+OiqvCdMOEoP5E=", "id"=>"1"}
  [1m[35mProduct Load (0.4ms)[0m  SELECT  `products`.* FROM `products`  WHERE `products`.`id` = 1 LIMIT 1
  [1m[36m (0.3ms)[0m  [1mBEGIN[0m
  [1m[35mSQL (0.4ms)[0m  DELETE FROM `products` WHERE `products`.`id` = 1
  [1m[36m (43.7ms)[0m  [1mCOMMIT[0m
Completed 500 Internal Server Error in 53ms

ActionView::MissingTemplate (Missing template products/destroy, application/destroy with {:locale=>[:en], :formats=>[:html], :variants=>[], :handlers=>[:erb, :builder, :raw, :ruby, :jbuilder, :coffee]}. Searched in:
  * "/home/vinaym/Rails/Projects/Vidya/sample_app/app/views"
):
  actionview (4.1.6) lib/action_view/path_set.rb:46:in `find'
  actionview (4.1.6) lib/action_view/lookup_context.rb:124:in `find'
  actionview (4.1.6) lib/action_view/renderer/abstract_renderer.rb:18:in `find_template'
  actionview (4.1.6) lib/action_view/renderer/template_renderer.rb:41:in `determine_template'
  actionview (4.1.6) lib/action_view/renderer/template_renderer.rb:8:in `render'
  actionview (4.1.6) lib/action_view/renderer/renderer.rb:42:in `render_template'
  actionview (4.1.6) lib/action_view/renderer/renderer.rb:23:in `render'
  actionview (4.1.6) lib/action_view/rendering.rb:99:in `_render_template'
  actionpack (4.1.6) lib/action_controller/metal/streaming.rb:217:in `_render_template'
  actionview (4.1.6) lib/action_view/rendering.rb:82:in `render_to_body'
  actionpack (4.1.6) lib/action_controller/metal/rendering.rb:32:in `render_to_body'
  actionpack (4.1.6) lib/action_controller/metal/renderers.rb:32:in `render_to_body'
  actionpack (4.1.6) lib/abstract_controller/rendering.rb:25:in `render'
  actionpack (4.1.6) lib/action_controller/metal/rendering.rb:16:in `render'
  actionpack (4.1.6) lib/action_controller/metal/instrumentation.rb:41:in `block (2 levels) in render'
  activesupport (4.1.6) lib/active_support/core_ext/benchmark.rb:12:in `block in ms'
  /home/vinaym/.rvm/rubies/ruby-2.1.1/lib/ruby/2.1.0/benchmark.rb:294:in `realtime'
  activesupport (4.1.6) lib/active_support/core_ext/benchmark.rb:12:in `ms'
  actionpack (4.1.6) lib/action_controller/metal/instrumentation.rb:41:in `block in render'
  actionpack (4.1.6) lib/action_controller/metal/instrumentation.rb:84:in `cleanup_view_runtime'
  activerecord (4.1.6) lib/active_record/railties/controller_runtime.rb:25:in `cleanup_view_runtime'
  actionpack (4.1.6) lib/action_controller/metal/instrumentation.rb:40:in `render'
  actionpack (4.1.6) lib/action_controller/metal/implicit_render.rb:10:in `default_render'
  actionpack (4.1.6) lib/action_controller/metal/implicit_render.rb:5:in `send_action'
  actionpack (4.1.6) lib/abstract_controller/base.rb:189:in `process_action'
  actionpack (4.1.6) lib/action_controller/metal/rendering.rb:10:in `process_action'
  actionpack (4.1.6) lib/abstract_controller/callbacks.rb:20:in `block in process_action'
  activesupport (4.1.6) lib/active_support/callbacks.rb:113:in `call'
  activesupport (4.1.6) lib/active_support/callbacks.rb:113:in `call'
  activesupport (4.1.6) lib/active_support/callbacks.rb:229:in `block in halting'
  activesupport (4.1.6) lib/active_support/callbacks.rb:229:in `call'
  activesupport (4.1.6) lib/active_support/callbacks.rb:229:in `block in halting'
  activesupport (4.1.6) lib/active_support/callbacks.rb:166:in `call'
  activesupport (4.1.6) lib/active_support/callbacks.rb:166:in `block in halting'
  activesupport (4.1.6) lib/active_support/callbacks.rb:166:in `call'
  activesupport (4.1.6) lib/active_support/callbacks.rb:166:in `block in halting'
  activesupport (4.1.6) lib/active_support/callbacks.rb:166:in `call'
  activesupport (4.1.6) lib/active_support/callbacks.rb:166:in `block in halting'
  activesupport (4.1.6) lib/active_support/callbacks.rb:86:in `call'
  activesupport (4.1.6) lib/active_support/callbacks.rb:86:in `run_callbacks'
  actionpack (4.1.6) lib/abstract_controller/callbacks.rb:19:in `process_action'
  actionpack (4.1.6) lib/action_controller/metal/rescue.rb:29:in `process_action'
  actionpack (4.1.6) lib/action_controller/metal/instrumentation.rb:31:in `block in process_action'
  activesupport (4.1.6) lib/active_support/notifications.rb:159:in `block in instrument'
  activesupport (4.1.6) lib/active_support/notifications/instrumenter.rb:20:in `instrument'
  activesupport (4.1.6) lib/active_support/notifications.rb:159:in `instrument'
  actionpack (4.1.6) lib/action_controller/metal/instrumentation.rb:30:in `process_action'
  actionpack (4.1.6) lib/action_controller/metal/params_wrapper.rb:250:in `process_action'
  activerecord (4.1.6) lib/active_record/railties/controller_runtime.rb:18:in `process_action'
  actionpack (4.1.6) lib/abstract_controller/base.rb:136:in `process'
  actionview (4.1.6) lib/action_view/rendering.rb:30:in `process'
  actionpack (4.1.6) lib/action_controller/metal.rb:196:in `dispatch'
  actionpack (4.1.6) lib/action_controller/metal/rack_delegation.rb:13:in `dispatch'
  actionpack (4.1.6) lib/action_controller/metal.rb:232:in `block in action'
  actionpack (4.1.6) lib/action_dispatch/routing/route_set.rb:82:in `call'
  actionpack (4.1.6) lib/action_dispatch/routing/route_set.rb:82:in `dispatch'
  actionpack (4.1.6) lib/action_dispatch/routing/route_set.rb:50:in `call'
  actionpack (4.1.6) lib/action_dispatch/journey/router.rb:73:in `block in call'
  actionpack (4.1.6) lib/action_dispatch/journey/router.rb:59:in `each'
  actionpack (4.1.6) lib/action_dispatch/journey/router.rb:59:in `call'
  actionpack (4.1.6) lib/action_dispatch/routing/route_set.rb:678:in `call'
  rack (1.5.2) lib/rack/etag.rb:23:in `call'
  rack (1.5.2) lib/rack/conditionalget.rb:35:in `call'
  rack (1.5.2) lib/rack/head.rb:11:in `call'
  actionpack (4.1.6) lib/action_dispatch/middleware/params_parser.rb:27:in `call'
  actionpack (4.1.6) lib/action_dispatch/middleware/flash.rb:254:in `call'
  rack (1.5.2) lib/rack/session/abstract/id.rb:225:in `context'
  rack (1.5.2) lib/rack/session/abstract/id.rb:220:in `call'
  actionpack (4.1.6) lib/action_dispatch/middleware/cookies.rb:560:in `call'
  activerecord (4.1.6) lib/active_record/query_cache.rb:36:in `call'
  activerecord (4.1.6) lib/active_record/connection_adapters/abstract/connection_pool.rb:621:in `call'
  activerecord (4.1.6) lib/active_record/migration.rb:380:in `call'
  actionpack (4.1.6) lib/action_dispatch/middleware/callbacks.rb:29:in `block in call'
  activesupport (4.1.6) lib/active_support/callbacks.rb:82:in `run_callbacks'
  actionpack (4.1.6) lib/action_dispatch/middleware/callbacks.rb:27:in `call'
  actionpack (4.1.6) lib/action_dispatch/middleware/reloader.rb:73:in `call'
  actionpack (4.1.6) lib/action_dispatch/middleware/remote_ip.rb:76:in `call'
  actionpack (4.1.6) lib/action_dispatch/middleware/debug_exceptions.rb:17:in `call'
  actionpack (4.1.6) lib/action_dispatch/middleware/show_exceptions.rb:30:in `call'
  railties (4.1.6) lib/rails/rack/logger.rb:38:in `call_app'
  railties (4.1.6) lib/rails/rack/logger.rb:20:in `block in call'
  activesupport (4.1.6) lib/active_support/tagged_logging.rb:68:in `block in tagged'
  activesupport (4.1.6) lib/active_support/tagged_logging.rb:26:in `tagged'
  activesupport (4.1.6) lib/active_support/tagged_logging.rb:68:in `tagged'
  railties (4.1.6) lib/rails/rack/logger.rb:20:in `call'
  actionpack (4.1.6) lib/action_dispatch/middleware/request_id.rb:21:in `call'
  rack (1.5.2) lib/rack/methodoverride.rb:21:in `call'
  rack (1.5.2) lib/rack/runtime.rb:17:in `call'
  activesupport (4.1.6) lib/active_support/cache/strategy/local_cache_middleware.rb:26:in `call'
  rack (1.5.2) lib/rack/lock.rb:17:in `call'
  actionpack (4.1.6) lib/action_dispatch/middleware/static.rb:64:in `call'
  rack (1.5.2) lib/rack/sendfile.rb:112:in `call'
  railties (4.1.6) lib/rails/engine.rb:514:in `call'
  railties (4.1.6) lib/rails/application.rb:144:in `call'
  rack (1.5.2) lib/rack/lock.rb:17:in `call'
  rack (1.5.2) lib/rack/content_length.rb:14:in `call'
  rack (1.5.2) lib/rack/handler/webrick.rb:60:in `service'
  /home/vinaym/.rvm/rubies/ruby-2.1.1/lib/ruby/2.1.0/webrick/httpserver.rb:138:in `service'
  /home/vinaym/.rvm/rubies/ruby-2.1.1/lib/ruby/2.1.0/webrick/httpserver.rb:94:in `run'
  /home/vinaym/.rvm/rubies/ruby-2.1.1/lib/ruby/2.1.0/webrick/server.rb:295:in `block in start_thread'


  Rendered /home/vinaym/.rvm/gems/ruby-2.1.1/gems/actionpack-4.1.6/lib/action_dispatch/middleware/templates/rescues/missing_template.html.erb within rescues/layout (0.5ms)


Started GET "/products/" for 127.0.0.1 at 2014-10-06 01:56:47 +0530
Processing by ProductsController#index as HTML
  [1m[35mProduct Load (0.5ms)[0m  SELECT `products`.* FROM `products`
  Rendered products/index.html.erb within layouts/application (1.9ms)
Completed 200 OK in 40ms (Views: 38.3ms | ActiveRecord: 0.5ms)


Started GET "/assets/products.css?body=1" for 127.0.0.1 at 2014-10-06 01:56:47 +0530


Started GET "/assets/application.css?body=1" for 127.0.0.1 at 2014-10-06 01:56:47 +0530


Started GET "/assets/jquery_ujs.js?body=1" for 127.0.0.1 at 2014-10-06 01:56:47 +0530


Started GET "/assets/jquery.js?body=1" for 127.0.0.1 at 2014-10-06 01:56:47 +0530


Started GET "/assets/turbolinks.js?body=1" for 127.0.0.1 at 2014-10-06 01:56:47 +0530


Started GET "/assets/products.js?body=1" for 127.0.0.1 at 2014-10-06 01:56:47 +0530


Started GET "/assets/application.js?body=1" for 127.0.0.1 at 2014-10-06 01:56:47 +0530


Started GET "/products" for 127.0.0.1 at 2014-10-06 01:58:26 +0530
Processing by ProductsController#index as HTML
  [1m[36mProduct Load (0.1ms)[0m  [1mSELECT `products`.* FROM `products`[0m
  Rendered products/index.html.erb within layouts/application (2.4ms)
Completed 200 OK in 48ms (Views: 47.7ms | ActiveRecord: 0.1ms)


Started GET "/assets/products.css?body=1" for 127.0.0.1 at 2014-10-06 01:58:26 +0530


Started GET "/assets/jquery_ujs.js?body=1" for 127.0.0.1 at 2014-10-06 01:58:26 +0530


Started GET "/assets/turbolinks.js?body=1" for 127.0.0.1 at 2014-10-06 01:58:26 +0530


Started GET "/assets/jquery.js?body=1" for 127.0.0.1 at 2014-10-06 01:58:26 +0530


Started GET "/assets/application.css?body=1" for 127.0.0.1 at 2014-10-06 01:58:26 +0530


Started GET "/assets/products.js?body=1" for 127.0.0.1 at 2014-10-06 01:58:26 +0530


Started GET "/assets/application.js?body=1" for 127.0.0.1 at 2014-10-06 01:58:26 +0530
